2025-04-25 18:02:27,051 - src.mysql_database - INFO - Database 'ecommerce' created or already exists.
2025-04-25 18:02:27,054 - src.mysql_database - INFO - Table 'products' created or already exists.
2025-04-25 18:02:27,056 - src.mysql_database - INFO - MySQL connection closed.
2025-04-25 18:02:28,577 - httpx - INFO - HTTP Request: GET http://localhost:6333 "HTTP/1.1 200 OK"
2025-04-25 18:02:28,593 - httpx - INFO - HTTP Request: GET http://localhost:6333/collections/ecommerce "HTTP/1.1 200 OK"
2025-04-25 18:02:28,598 - src.vector_database - INFO - Collection 'ecommerce' already exists in Qdrant.
2025-04-25 18:02:59,660 - src.data_loader - INFO - Loading CSV file from data\raw\product.csv.
2025-04-25 18:02:59,695 - sentence_transformers.SentenceTransformer - INFO - Use pytorch device_name: cpu
2025-04-25 18:02:59,695 - sentence_transformers.SentenceTransformer - INFO - Load pretrained SentenceTransformer: afschowdhury/s-xlmr-bn
2025-04-25 18:03:09,748 - src.data_loader - INFO - Merged 'title' and 'description' columns.
2025-04-25 18:03:19,953 - src.data_loader - INFO - Generated embeddings for the merged text.
2025-04-25 18:03:19,981 - httpx - INFO - HTTP Request: PUT http://localhost:6333/collections/ecommerce/points?wait=true "HTTP/1.1 200 OK"
2025-04-25 18:03:19,983 - src.vector_database - INFO - Product '0' inserted into collection 'ecommerce'.
2025-04-25 18:03:20,016 - httpx - INFO - HTTP Request: PUT http://localhost:6333/collections/ecommerce/points?wait=true "HTTP/1.1 200 OK"
2025-04-25 18:03:20,017 - src.vector_database - INFO - Product '1' inserted into collection 'ecommerce'.
2025-04-25 18:03:20,044 - httpx - INFO - HTTP Request: PUT http://localhost:6333/collections/ecommerce/points?wait=true "HTTP/1.1 200 OK"
2025-04-25 18:03:20,045 - src.vector_database - INFO - Product '2' inserted into collection 'ecommerce'.
2025-04-25 18:03:20,067 - httpx - INFO - HTTP Request: PUT http://localhost:6333/collections/ecommerce/points?wait=true "HTTP/1.1 200 OK"
2025-04-25 18:03:20,067 - src.vector_database - INFO - Product '3' inserted into collection 'ecommerce'.
2025-04-25 18:03:20,094 - httpx - INFO - HTTP Request: PUT http://localhost:6333/collections/ecommerce/points?wait=true "HTTP/1.1 200 OK"
2025-04-25 18:03:20,095 - src.vector_database - INFO - Product '4' inserted into collection 'ecommerce'.
2025-04-25 18:03:20,117 - httpx - INFO - HTTP Request: PUT http://localhost:6333/collections/ecommerce/points?wait=true "HTTP/1.1 200 OK"
2025-04-25 18:03:20,118 - src.vector_database - INFO - Product '5' inserted into collection 'ecommerce'.
2025-04-25 18:03:20,140 - httpx - INFO - HTTP Request: PUT http://localhost:6333/collections/ecommerce/points?wait=true "HTTP/1.1 200 OK"
2025-04-25 18:03:20,142 - src.vector_database - INFO - Product '6' inserted into collection 'ecommerce'.
2025-04-25 18:03:20,165 - httpx - INFO - HTTP Request: PUT http://localhost:6333/collections/ecommerce/points?wait=true "HTTP/1.1 200 OK"
2025-04-25 18:03:20,166 - src.vector_database - INFO - Product '7' inserted into collection 'ecommerce'.
2025-04-25 18:03:20,196 - httpx - INFO - HTTP Request: PUT http://localhost:6333/collections/ecommerce/points?wait=true "HTTP/1.1 200 OK"
2025-04-25 18:03:20,197 - src.vector_database - INFO - Product '8' inserted into collection 'ecommerce'.
2025-04-25 18:03:20,217 - httpx - INFO - HTTP Request: PUT http://localhost:6333/collections/ecommerce/points?wait=true "HTTP/1.1 200 OK"
2025-04-25 18:03:20,218 - src.vector_database - INFO - Product '9' inserted into collection 'ecommerce'.
2025-04-25 18:03:20,252 - httpx - INFO - HTTP Request: PUT http://localhost:6333/collections/ecommerce/points?wait=true "HTTP/1.1 200 OK"
2025-04-25 18:03:20,253 - src.vector_database - INFO - Product '10' inserted into collection 'ecommerce'.
2025-04-25 18:03:20,270 - httpx - INFO - HTTP Request: PUT http://localhost:6333/collections/ecommerce/points?wait=true "HTTP/1.1 200 OK"
2025-04-25 18:03:20,270 - src.vector_database - INFO - Product '11' inserted into collection 'ecommerce'.
2025-04-25 18:03:20,296 - httpx - INFO - HTTP Request: PUT http://localhost:6333/collections/ecommerce/points?wait=true "HTTP/1.1 200 OK"
2025-04-25 18:03:20,297 - src.vector_database - INFO - Product '12' inserted into collection 'ecommerce'.
2025-04-25 18:03:20,327 - httpx - INFO - HTTP Request: PUT http://localhost:6333/collections/ecommerce/points?wait=true "HTTP/1.1 200 OK"
2025-04-25 18:03:20,328 - src.vector_database - INFO - Product '13' inserted into collection 'ecommerce'.
2025-04-25 18:03:20,355 - httpx - INFO - HTTP Request: PUT http://localhost:6333/collections/ecommerce/points?wait=true "HTTP/1.1 200 OK"
2025-04-25 18:03:20,356 - src.vector_database - INFO - Product '14' inserted into collection 'ecommerce'.
2025-04-25 18:03:20,383 - httpx - INFO - HTTP Request: PUT http://localhost:6333/collections/ecommerce/points?wait=true "HTTP/1.1 200 OK"
2025-04-25 18:03:20,384 - src.vector_database - INFO - Product '15' inserted into collection 'ecommerce'.
2025-04-25 18:03:20,410 - httpx - INFO - HTTP Request: PUT http://localhost:6333/collections/ecommerce/points?wait=true "HTTP/1.1 200 OK"
2025-04-25 18:03:20,411 - src.vector_database - INFO - Product '16' inserted into collection 'ecommerce'.
2025-04-25 18:03:20,424 - httpx - INFO - HTTP Request: PUT http://localhost:6333/collections/ecommerce/points?wait=true "HTTP/1.1 200 OK"
2025-04-25 18:03:20,426 - src.vector_database - INFO - Product '17' inserted into collection 'ecommerce'.
2025-04-25 18:03:20,464 - httpx - INFO - HTTP Request: PUT http://localhost:6333/collections/ecommerce/points?wait=true "HTTP/1.1 200 OK"
2025-04-25 18:03:20,465 - src.vector_database - INFO - Product '18' inserted into collection 'ecommerce'.
2025-04-25 18:03:20,503 - httpx - INFO - HTTP Request: PUT http://localhost:6333/collections/ecommerce/points?wait=true "HTTP/1.1 200 OK"
2025-04-25 18:03:20,503 - src.vector_database - INFO - Product '19' inserted into collection 'ecommerce'.
2025-04-25 18:03:20,536 - httpx - INFO - HTTP Request: PUT http://localhost:6333/collections/ecommerce/points?wait=true "HTTP/1.1 200 OK"
2025-04-25 18:03:20,537 - src.vector_database - INFO - Product '20' inserted into collection 'ecommerce'.
2025-04-25 18:03:20,562 - httpx - INFO - HTTP Request: PUT http://localhost:6333/collections/ecommerce/points?wait=true "HTTP/1.1 200 OK"
2025-04-25 18:03:20,563 - src.vector_database - INFO - Product '21' inserted into collection 'ecommerce'.
2025-04-25 18:03:20,592 - httpx - INFO - HTTP Request: PUT http://localhost:6333/collections/ecommerce/points?wait=true "HTTP/1.1 200 OK"
2025-04-25 18:03:20,593 - src.vector_database - INFO - Product '22' inserted into collection 'ecommerce'.
2025-04-25 18:03:20,619 - httpx - INFO - HTTP Request: PUT http://localhost:6333/collections/ecommerce/points?wait=true "HTTP/1.1 200 OK"
2025-04-25 18:03:20,620 - src.vector_database - INFO - Product '23' inserted into collection 'ecommerce'.
2025-04-25 18:03:20,636 - httpx - INFO - HTTP Request: PUT http://localhost:6333/collections/ecommerce/points?wait=true "HTTP/1.1 200 OK"
2025-04-25 18:03:20,637 - src.vector_database - INFO - Product '24' inserted into collection 'ecommerce'.
2025-04-25 18:03:20,664 - httpx - INFO - HTTP Request: PUT http://localhost:6333/collections/ecommerce/points?wait=true "HTTP/1.1 200 OK"
2025-04-25 18:03:20,664 - src.vector_database - INFO - Product '25' inserted into collection 'ecommerce'.
2025-04-25 18:03:20,696 - httpx - INFO - HTTP Request: PUT http://localhost:6333/collections/ecommerce/points?wait=true "HTTP/1.1 200 OK"
2025-04-25 18:03:20,697 - src.vector_database - INFO - Product '26' inserted into collection 'ecommerce'.
2025-04-25 18:03:20,723 - httpx - INFO - HTTP Request: PUT http://localhost:6333/collections/ecommerce/points?wait=true "HTTP/1.1 200 OK"
2025-04-25 18:03:20,724 - src.vector_database - INFO - Product '27' inserted into collection 'ecommerce'.
2025-04-25 18:03:20,738 - httpx - INFO - HTTP Request: PUT http://localhost:6333/collections/ecommerce/points?wait=true "HTTP/1.1 200 OK"
2025-04-25 18:03:20,739 - src.vector_database - INFO - Product '28' inserted into collection 'ecommerce'.
2025-04-25 18:03:20,752 - httpx - INFO - HTTP Request: PUT http://localhost:6333/collections/ecommerce/points?wait=true "HTTP/1.1 200 OK"
2025-04-25 18:03:20,753 - src.vector_database - INFO - Product '29' inserted into collection 'ecommerce'.
2025-04-25 18:03:20,779 - httpx - INFO - HTTP Request: PUT http://localhost:6333/collections/ecommerce/points?wait=true "HTTP/1.1 200 OK"
2025-04-25 18:03:20,780 - src.vector_database - INFO - Product '30' inserted into collection 'ecommerce'.
2025-04-25 18:03:20,800 - httpx - INFO - HTTP Request: PUT http://localhost:6333/collections/ecommerce/points?wait=true "HTTP/1.1 200 OK"
2025-04-25 18:03:20,800 - src.vector_database - INFO - Product '31' inserted into collection 'ecommerce'.
2025-04-25 18:03:20,824 - httpx - INFO - HTTP Request: PUT http://localhost:6333/collections/ecommerce/points?wait=true "HTTP/1.1 200 OK"
2025-04-25 18:03:20,825 - src.vector_database - INFO - Product '32' inserted into collection 'ecommerce'.
2025-04-25 18:03:20,844 - httpx - INFO - HTTP Request: PUT http://localhost:6333/collections/ecommerce/points?wait=true "HTTP/1.1 200 OK"
2025-04-25 18:03:20,845 - src.vector_database - INFO - Product '33' inserted into collection 'ecommerce'.
2025-04-25 18:03:20,872 - httpx - INFO - HTTP Request: PUT http://localhost:6333/collections/ecommerce/points?wait=true "HTTP/1.1 200 OK"
2025-04-25 18:03:20,873 - src.vector_database - INFO - Product '34' inserted into collection 'ecommerce'.
2025-04-25 18:03:20,901 - httpx - INFO - HTTP Request: PUT http://localhost:6333/collections/ecommerce/points?wait=true "HTTP/1.1 200 OK"
2025-04-25 18:03:20,902 - src.vector_database - INFO - Product '35' inserted into collection 'ecommerce'.
2025-04-25 18:03:20,932 - httpx - INFO - HTTP Request: PUT http://localhost:6333/collections/ecommerce/points?wait=true "HTTP/1.1 200 OK"
2025-04-25 18:03:20,933 - src.vector_database - INFO - Product '36' inserted into collection 'ecommerce'.
2025-04-25 18:03:20,963 - httpx - INFO - HTTP Request: PUT http://localhost:6333/collections/ecommerce/points?wait=true "HTTP/1.1 200 OK"
2025-04-25 18:03:20,963 - src.vector_database - INFO - Product '37' inserted into collection 'ecommerce'.
2025-04-25 18:03:20,992 - httpx - INFO - HTTP Request: PUT http://localhost:6333/collections/ecommerce/points?wait=true "HTTP/1.1 200 OK"
2025-04-25 18:03:20,997 - src.vector_database - INFO - Product '38' inserted into collection 'ecommerce'.
2025-04-25 18:03:21,009 - httpx - INFO - HTTP Request: PUT http://localhost:6333/collections/ecommerce/points?wait=true "HTTP/1.1 200 OK"
2025-04-25 18:03:21,010 - src.vector_database - INFO - Product '39' inserted into collection 'ecommerce'.
2025-04-25 18:03:21,033 - httpx - INFO - HTTP Request: PUT http://localhost:6333/collections/ecommerce/points?wait=true "HTTP/1.1 200 OK"
2025-04-25 18:03:21,034 - src.vector_database - INFO - Product '40' inserted into collection 'ecommerce'.
2025-04-25 18:03:21,067 - httpx - INFO - HTTP Request: PUT http://localhost:6333/collections/ecommerce/points?wait=true "HTTP/1.1 200 OK"
2025-04-25 18:03:21,068 - src.vector_database - INFO - Product '41' inserted into collection 'ecommerce'.
2025-04-25 18:03:21,097 - httpx - INFO - HTTP Request: PUT http://localhost:6333/collections/ecommerce/points?wait=true "HTTP/1.1 200 OK"
2025-04-25 18:03:21,098 - src.vector_database - INFO - Product '42' inserted into collection 'ecommerce'.
2025-04-25 18:03:21,125 - httpx - INFO - HTTP Request: PUT http://localhost:6333/collections/ecommerce/points?wait=true "HTTP/1.1 200 OK"
2025-04-25 18:03:21,127 - src.vector_database - INFO - Product '43' inserted into collection 'ecommerce'.
2025-04-25 18:03:21,153 - httpx - INFO - HTTP Request: PUT http://localhost:6333/collections/ecommerce/points?wait=true "HTTP/1.1 200 OK"
2025-04-25 18:03:21,154 - src.vector_database - INFO - Product '44' inserted into collection 'ecommerce'.
2025-04-25 18:03:21,183 - httpx - INFO - HTTP Request: PUT http://localhost:6333/collections/ecommerce/points?wait=true "HTTP/1.1 200 OK"
2025-04-25 18:03:21,184 - src.vector_database - INFO - Product '45' inserted into collection 'ecommerce'.
2025-04-25 18:03:21,196 - httpx - INFO - HTTP Request: PUT http://localhost:6333/collections/ecommerce/points?wait=true "HTTP/1.1 200 OK"
2025-04-25 18:03:21,197 - src.vector_database - INFO - Product '46' inserted into collection 'ecommerce'.
2025-04-25 18:03:21,227 - httpx - INFO - HTTP Request: PUT http://localhost:6333/collections/ecommerce/points?wait=true "HTTP/1.1 200 OK"
2025-04-25 18:03:21,228 - src.vector_database - INFO - Product '47' inserted into collection 'ecommerce'.
2025-04-25 18:03:21,257 - httpx - INFO - HTTP Request: PUT http://localhost:6333/collections/ecommerce/points?wait=true "HTTP/1.1 200 OK"
2025-04-25 18:03:21,258 - src.vector_database - INFO - Product '48' inserted into collection 'ecommerce'.
2025-04-25 18:03:21,268 - httpx - INFO - HTTP Request: PUT http://localhost:6333/collections/ecommerce/points?wait=true "HTTP/1.1 200 OK"
2025-04-25 18:03:21,268 - src.vector_database - INFO - Product '49' inserted into collection 'ecommerce'.
