2025-04-25 04:36:11,215 - httpx - INFO - HTTP Request: GET http://localhost:6333 "HTTP/1.1 200 OK"
2025-04-25 04:36:16,433 - sentence_transformers.SentenceTransformer - INFO - Use pytorch device_name: cpu
2025-04-25 04:36:16,433 - sentence_transformers.SentenceTransformer - INFO - Load pretrained SentenceTransformer: afschowdhury/s-xlmr-bn
2025-04-25 04:36:29,005 - httpx - INFO - HTTP Request: GET http://localhost:6333 "HTTP/1.1 200 OK"
2025-04-25 04:36:34,540 - sentence_transformers.SentenceTransformer - INFO - Use pytorch device_name: cpu
2025-04-25 04:36:34,541 - sentence_transformers.SentenceTransformer - INFO - Load pretrained SentenceTransformer: afschowdhury/s-xlmr-bn
2025-04-25 04:38:45,112 - src.mysql_database - INFO - Database 'ecommerce' created or already exists.
2025-04-25 04:38:45,117 - src.mysql_database - INFO - Table 'products' created or already exists.
2025-04-25 04:38:45,118 - src.mysql_database - INFO - MySQL connection closed.
2025-04-25 04:38:46,469 - httpx - INFO - HTTP Request: GET http://localhost:6333 "HTTP/1.1 200 OK"
2025-04-25 04:38:46,477 - httpx - INFO - HTTP Request: GET http://localhost:6333/collections/ecommerce "HTTP/1.1 200 OK"
2025-04-25 04:38:46,479 - src.vector_database - INFO - Collection 'ecommerce' already exists in Qdrant.
2025-04-25 04:38:51,498 - src.data_loader - INFO - Loading CSV file from data\raw\product.csv.
2025-04-25 04:38:51,502 - sentence_transformers.SentenceTransformer - INFO - Use pytorch device_name: cpu
2025-04-25 04:38:51,502 - sentence_transformers.SentenceTransformer - INFO - Load pretrained SentenceTransformer: afschowdhury/s-xlmr-bn
2025-04-25 04:39:00,917 - src.data_loader - INFO - Merged 'title' and 'description' columns.
2025-04-25 04:39:09,315 - src.data_loader - INFO - Generated embeddings for the merged text.
2025-04-25 04:39:09,350 - httpx - INFO - HTTP Request: PUT http://localhost:6333/collections/ecommerce/points?wait=true "HTTP/1.1 200 OK"
2025-04-25 04:39:09,351 - src.vector_database - INFO - Product '0' inserted into collection 'ecommerce'.
2025-04-25 04:39:09,378 - httpx - INFO - HTTP Request: PUT http://localhost:6333/collections/ecommerce/points?wait=true "HTTP/1.1 200 OK"
2025-04-25 04:39:09,379 - src.vector_database - INFO - Product '1' inserted into collection 'ecommerce'.
2025-04-25 04:39:09,393 - httpx - INFO - HTTP Request: PUT http://localhost:6333/collections/ecommerce/points?wait=true "HTTP/1.1 200 OK"
2025-04-25 04:39:09,394 - src.vector_database - INFO - Product '2' inserted into collection 'ecommerce'.
2025-04-25 04:39:09,405 - httpx - INFO - HTTP Request: PUT http://localhost:6333/collections/ecommerce/points?wait=true "HTTP/1.1 200 OK"
2025-04-25 04:39:09,406 - src.vector_database - INFO - Product '3' inserted into collection 'ecommerce'.
2025-04-25 04:39:09,428 - httpx - INFO - HTTP Request: PUT http://localhost:6333/collections/ecommerce/points?wait=true "HTTP/1.1 200 OK"
2025-04-25 04:39:09,429 - src.vector_database - INFO - Product '4' inserted into collection 'ecommerce'.
2025-04-25 04:39:09,462 - httpx - INFO - HTTP Request: PUT http://localhost:6333/collections/ecommerce/points?wait=true "HTTP/1.1 200 OK"
2025-04-25 04:39:09,462 - src.vector_database - INFO - Product '5' inserted into collection 'ecommerce'.
2025-04-25 04:39:09,481 - httpx - INFO - HTTP Request: PUT http://localhost:6333/collections/ecommerce/points?wait=true "HTTP/1.1 200 OK"
2025-04-25 04:39:09,482 - src.vector_database - INFO - Product '6' inserted into collection 'ecommerce'.
2025-04-25 04:39:09,491 - httpx - INFO - HTTP Request: PUT http://localhost:6333/collections/ecommerce/points?wait=true "HTTP/1.1 200 OK"
2025-04-25 04:39:09,491 - src.vector_database - INFO - Product '7' inserted into collection 'ecommerce'.
2025-04-25 04:39:09,510 - httpx - INFO - HTTP Request: PUT http://localhost:6333/collections/ecommerce/points?wait=true "HTTP/1.1 200 OK"
2025-04-25 04:39:09,511 - src.vector_database - INFO - Product '8' inserted into collection 'ecommerce'.
2025-04-25 04:39:09,520 - httpx - INFO - HTTP Request: PUT http://localhost:6333/collections/ecommerce/points?wait=true "HTTP/1.1 200 OK"
2025-04-25 04:39:09,521 - src.vector_database - INFO - Product '9' inserted into collection 'ecommerce'.
2025-04-25 04:39:09,548 - httpx - INFO - HTTP Request: PUT http://localhost:6333/collections/ecommerce/points?wait=true "HTTP/1.1 200 OK"
2025-04-25 04:39:09,549 - src.vector_database - INFO - Product '10' inserted into collection 'ecommerce'.
2025-04-25 04:39:09,581 - httpx - INFO - HTTP Request: PUT http://localhost:6333/collections/ecommerce/points?wait=true "HTTP/1.1 200 OK"
2025-04-25 04:39:09,582 - src.vector_database - INFO - Product '11' inserted into collection 'ecommerce'.
2025-04-25 04:39:09,611 - httpx - INFO - HTTP Request: PUT http://localhost:6333/collections/ecommerce/points?wait=true "HTTP/1.1 200 OK"
2025-04-25 04:39:09,612 - src.vector_database - INFO - Product '12' inserted into collection 'ecommerce'.
2025-04-25 04:39:09,626 - httpx - INFO - HTTP Request: PUT http://localhost:6333/collections/ecommerce/points?wait=true "HTTP/1.1 200 OK"
2025-04-25 04:39:09,626 - src.vector_database - INFO - Product '13' inserted into collection 'ecommerce'.
2025-04-25 04:39:09,659 - httpx - INFO - HTTP Request: PUT http://localhost:6333/collections/ecommerce/points?wait=true "HTTP/1.1 200 OK"
2025-04-25 04:39:09,660 - src.vector_database - INFO - Product '14' inserted into collection 'ecommerce'.
2025-04-25 04:39:09,694 - httpx - INFO - HTTP Request: PUT http://localhost:6333/collections/ecommerce/points?wait=true "HTTP/1.1 200 OK"
2025-04-25 04:39:09,695 - src.vector_database - INFO - Product '15' inserted into collection 'ecommerce'.
2025-04-25 04:39:09,707 - httpx - INFO - HTTP Request: PUT http://localhost:6333/collections/ecommerce/points?wait=true "HTTP/1.1 200 OK"
2025-04-25 04:39:09,708 - src.vector_database - INFO - Product '16' inserted into collection 'ecommerce'.
2025-04-25 04:39:09,726 - httpx - INFO - HTTP Request: PUT http://localhost:6333/collections/ecommerce/points?wait=true "HTTP/1.1 200 OK"
2025-04-25 04:39:09,726 - src.vector_database - INFO - Product '17' inserted into collection 'ecommerce'.
2025-04-25 04:39:09,757 - httpx - INFO - HTTP Request: PUT http://localhost:6333/collections/ecommerce/points?wait=true "HTTP/1.1 200 OK"
2025-04-25 04:39:09,758 - src.vector_database - INFO - Product '18' inserted into collection 'ecommerce'.
2025-04-25 04:39:09,797 - httpx - INFO - HTTP Request: PUT http://localhost:6333/collections/ecommerce/points?wait=true "HTTP/1.1 200 OK"
2025-04-25 04:39:09,798 - src.vector_database - INFO - Product '19' inserted into collection 'ecommerce'.
2025-04-25 04:39:09,812 - httpx - INFO - HTTP Request: PUT http://localhost:6333/collections/ecommerce/points?wait=true "HTTP/1.1 200 OK"
2025-04-25 04:39:09,813 - src.vector_database - INFO - Product '20' inserted into collection 'ecommerce'.
2025-04-25 04:39:09,826 - httpx - INFO - HTTP Request: PUT http://localhost:6333/collections/ecommerce/points?wait=true "HTTP/1.1 200 OK"
2025-04-25 04:39:09,827 - src.vector_database - INFO - Product '21' inserted into collection 'ecommerce'.
2025-04-25 04:39:09,838 - httpx - INFO - HTTP Request: PUT http://localhost:6333/collections/ecommerce/points?wait=true "HTTP/1.1 200 OK"
2025-04-25 04:39:09,840 - src.vector_database - INFO - Product '22' inserted into collection 'ecommerce'.
2025-04-25 04:39:09,864 - httpx - INFO - HTTP Request: PUT http://localhost:6333/collections/ecommerce/points?wait=true "HTTP/1.1 200 OK"
2025-04-25 04:39:09,865 - src.vector_database - INFO - Product '23' inserted into collection 'ecommerce'.
2025-04-25 04:39:09,879 - httpx - INFO - HTTP Request: PUT http://localhost:6333/collections/ecommerce/points?wait=true "HTTP/1.1 200 OK"
2025-04-25 04:39:09,879 - src.vector_database - INFO - Product '24' inserted into collection 'ecommerce'.
2025-04-25 04:39:09,890 - httpx - INFO - HTTP Request: PUT http://localhost:6333/collections/ecommerce/points?wait=true "HTTP/1.1 200 OK"
2025-04-25 04:39:09,891 - src.vector_database - INFO - Product '25' inserted into collection 'ecommerce'.
2025-04-25 04:39:09,909 - httpx - INFO - HTTP Request: PUT http://localhost:6333/collections/ecommerce/points?wait=true "HTTP/1.1 200 OK"
2025-04-25 04:39:09,910 - src.vector_database - INFO - Product '26' inserted into collection 'ecommerce'.
2025-04-25 04:39:09,917 - httpx - INFO - HTTP Request: PUT http://localhost:6333/collections/ecommerce/points?wait=true "HTTP/1.1 200 OK"
2025-04-25 04:39:09,918 - src.vector_database - INFO - Product '27' inserted into collection 'ecommerce'.
2025-04-25 04:39:09,927 - httpx - INFO - HTTP Request: PUT http://localhost:6333/collections/ecommerce/points?wait=true "HTTP/1.1 200 OK"
2025-04-25 04:39:09,928 - src.vector_database - INFO - Product '28' inserted into collection 'ecommerce'.
2025-04-25 04:39:09,960 - httpx - INFO - HTTP Request: PUT http://localhost:6333/collections/ecommerce/points?wait=true "HTTP/1.1 200 OK"
2025-04-25 04:39:09,961 - src.vector_database - INFO - Product '29' inserted into collection 'ecommerce'.
2025-04-25 04:39:10,009 - httpx - INFO - HTTP Request: PUT http://localhost:6333/collections/ecommerce/points?wait=true "HTTP/1.1 200 OK"
2025-04-25 04:39:10,010 - src.vector_database - INFO - Product '30' inserted into collection 'ecommerce'.
2025-04-25 04:39:10,041 - httpx - INFO - HTTP Request: PUT http://localhost:6333/collections/ecommerce/points?wait=true "HTTP/1.1 200 OK"
2025-04-25 04:39:10,042 - src.vector_database - INFO - Product '31' inserted into collection 'ecommerce'.
2025-04-25 04:39:10,086 - httpx - INFO - HTTP Request: PUT http://localhost:6333/collections/ecommerce/points?wait=true "HTTP/1.1 200 OK"
2025-04-25 04:39:10,090 - src.vector_database - INFO - Product '32' inserted into collection 'ecommerce'.
2025-04-25 04:39:10,144 - httpx - INFO - HTTP Request: PUT http://localhost:6333/collections/ecommerce/points?wait=true "HTTP/1.1 200 OK"
2025-04-25 04:39:10,147 - src.vector_database - INFO - Product '33' inserted into collection 'ecommerce'.
2025-04-25 04:39:10,164 - httpx - INFO - HTTP Request: PUT http://localhost:6333/collections/ecommerce/points?wait=true "HTTP/1.1 200 OK"
2025-04-25 04:39:10,165 - src.vector_database - INFO - Product '34' inserted into collection 'ecommerce'.
2025-04-25 04:39:10,194 - httpx - INFO - HTTP Request: PUT http://localhost:6333/collections/ecommerce/points?wait=true "HTTP/1.1 200 OK"
2025-04-25 04:39:10,194 - src.vector_database - INFO - Product '35' inserted into collection 'ecommerce'.
2025-04-25 04:39:10,210 - httpx - INFO - HTTP Request: PUT http://localhost:6333/collections/ecommerce/points?wait=true "HTTP/1.1 200 OK"
2025-04-25 04:39:10,211 - src.vector_database - INFO - Product '36' inserted into collection 'ecommerce'.
2025-04-25 04:39:10,222 - httpx - INFO - HTTP Request: PUT http://localhost:6333/collections/ecommerce/points?wait=true "HTTP/1.1 200 OK"
2025-04-25 04:39:10,225 - src.vector_database - INFO - Product '37' inserted into collection 'ecommerce'.
2025-04-25 04:39:10,233 - httpx - INFO - HTTP Request: PUT http://localhost:6333/collections/ecommerce/points?wait=true "HTTP/1.1 200 OK"
2025-04-25 04:39:10,234 - src.vector_database - INFO - Product '38' inserted into collection 'ecommerce'.
2025-04-25 04:39:10,264 - httpx - INFO - HTTP Request: PUT http://localhost:6333/collections/ecommerce/points?wait=true "HTTP/1.1 200 OK"
2025-04-25 04:39:10,265 - src.vector_database - INFO - Product '39' inserted into collection 'ecommerce'.
2025-04-25 04:39:10,306 - httpx - INFO - HTTP Request: PUT http://localhost:6333/collections/ecommerce/points?wait=true "HTTP/1.1 200 OK"
2025-04-25 04:39:10,309 - src.vector_database - INFO - Product '40' inserted into collection 'ecommerce'.
2025-04-25 04:39:10,332 - httpx - INFO - HTTP Request: PUT http://localhost:6333/collections/ecommerce/points?wait=true "HTTP/1.1 200 OK"
2025-04-25 04:39:10,334 - src.vector_database - INFO - Product '41' inserted into collection 'ecommerce'.
2025-04-25 04:39:10,366 - httpx - INFO - HTTP Request: PUT http://localhost:6333/collections/ecommerce/points?wait=true "HTTP/1.1 200 OK"
2025-04-25 04:39:10,367 - src.vector_database - INFO - Product '42' inserted into collection 'ecommerce'.
2025-04-25 04:39:10,395 - httpx - INFO - HTTP Request: PUT http://localhost:6333/collections/ecommerce/points?wait=true "HTTP/1.1 200 OK"
2025-04-25 04:39:10,397 - src.vector_database - INFO - Product '43' inserted into collection 'ecommerce'.
2025-04-25 04:39:10,433 - httpx - INFO - HTTP Request: PUT http://localhost:6333/collections/ecommerce/points?wait=true "HTTP/1.1 200 OK"
2025-04-25 04:39:10,434 - src.vector_database - INFO - Product '44' inserted into collection 'ecommerce'.
2025-04-25 04:39:10,461 - httpx - INFO - HTTP Request: PUT http://localhost:6333/collections/ecommerce/points?wait=true "HTTP/1.1 200 OK"
2025-04-25 04:39:10,462 - src.vector_database - INFO - Product '45' inserted into collection 'ecommerce'.
2025-04-25 04:39:10,473 - httpx - INFO - HTTP Request: PUT http://localhost:6333/collections/ecommerce/points?wait=true "HTTP/1.1 200 OK"
2025-04-25 04:39:10,474 - src.vector_database - INFO - Product '46' inserted into collection 'ecommerce'.
2025-04-25 04:39:10,513 - httpx - INFO - HTTP Request: PUT http://localhost:6333/collections/ecommerce/points?wait=true "HTTP/1.1 200 OK"
2025-04-25 04:39:10,514 - src.vector_database - INFO - Product '47' inserted into collection 'ecommerce'.
2025-04-25 04:39:10,530 - httpx - INFO - HTTP Request: PUT http://localhost:6333/collections/ecommerce/points?wait=true "HTTP/1.1 200 OK"
2025-04-25 04:39:10,531 - src.vector_database - INFO - Product '48' inserted into collection 'ecommerce'.
2025-04-25 04:39:10,565 - httpx - INFO - HTTP Request: PUT http://localhost:6333/collections/ecommerce/points?wait=true "HTTP/1.1 200 OK"
2025-04-25 04:39:10,566 - src.vector_database - INFO - Product '49' inserted into collection 'ecommerce'.
2025-04-25 04:39:29,503 - httpx - INFO - HTTP Request: GET http://localhost:6333 "HTTP/1.1 200 OK"
2025-04-25 04:39:36,080 - sentence_transformers.SentenceTransformer - INFO - Use pytorch device_name: cpu
2025-04-25 04:39:36,081 - sentence_transformers.SentenceTransformer - INFO - Load pretrained SentenceTransformer: afschowdhury/s-xlmr-bn
2025-04-25 04:41:33,526 - src.api - INFO - Generated embedding for the query.
2025-04-25 04:41:33,540 - httpx - INFO - HTTP Request: POST http://localhost:6333/collections/ecommerce/points/search "HTTP/1.1 200 OK"
2025-04-25 04:41:33,542 - src.vector_database - INFO - Search completed in collection 'ecommerce' for top 5 results.
2025-04-25 04:41:33,542 - src.api - INFO - Search completed successfully.
2025-04-25 04:41:56,931 - src.api - INFO - Generated embedding for the query.
2025-04-25 04:41:56,941 - httpx - INFO - HTTP Request: POST http://localhost:6333/collections/ecommerce/points/search "HTTP/1.1 200 OK"
2025-04-25 04:41:56,942 - src.vector_database - INFO - Search completed in collection 'ecommerce' for top 5 results.
2025-04-25 04:41:56,942 - src.api - INFO - Search completed successfully.
